/usr/sbin/mysqld, Version: 8.0.30 (MySQL Community Server - GPL). started with:
Tcp port: 3306  Unix socket: /var/run/mysqld/mysqld.sock
Time                 Id Command    Argument
2024-06-05T03:17:50.329811Z	    0 Execute	CREATE TABLE performance_schema.innodb_redo_log_files(
`FILE_ID` BIGINT NOT NULL COMMENT 'Id of the file.',
`FILE_NAME` VARCHAR(2000) NOT NULL COMMENT 'Path to the file.',
`START_LSN` BIGINT NOT NULL COMMENT 'LSN of the first block in the file.',
`END_LSN` BIGINT NOT NULL COMMENT 'LSN after the last block in the file.',
`SIZE_IN_BYTES` BIGINT NOT NULL COMMENT 'Size of the file (in bytes).',
`IS_FULL` TINYINT NOT NULL COMMENT '1 iff file has no free space inside.',
`CONSUMER_LEVEL` INT NOT NULL COMMENT 'All redo log consumers registered on smaller levels than this value, have already consumed this file.'
)engine = 'performance_schema'
2024-06-05T03:17:51.914156Z	    8 Connect	user@172.19.0.3 on database using TCP/IP
2024-06-05T03:17:51.915674Z	    8 Query	SELECT DATABASE()
2024-06-05T03:17:51.918038Z	    8 Query	SELECT DATABASE()
2024-06-05T03:17:51.918808Z	    8 Query	SELECT TABLE_NAME
FROM information_schema.TABLES
WHERE TABLE_SCHEMA = 'database'
  AND TABLE_TYPE = 'BASE TABLE'
ORDER BY TABLE_NAME
2024-06-05T03:17:51.929610Z	    8 Query	SELECT DATABASE()
2024-06-05T03:17:51.929913Z	    8 Query	SELECT t.TABLE_NAME,
           t.ENGINE,
           t.AUTO_INCREMENT,
           t.TABLE_COMMENT,
           t.CREATE_OPTIONS,
           t.TABLE_COLLATION,
           ccsa.CHARACTER_SET_NAME
      FROM information_schema.TABLES t
        INNER JOIN information_schema.COLLATION_CHARACTER_SET_APPLICABILITY ccsa
            ON ccsa.COLLATION_NAME = t.TABLE_COLLATION WHERE t.TABLE_SCHEMA = 'database' AND t.TABLE_NAME = 'bd_transaction_doctrine_migration_versions' AND t.TABLE_TYPE = 'BASE TABLE'
2024-06-05T03:17:51.931425Z	    8 Query	SELECT DATABASE()
2024-06-05T03:17:51.931625Z	    8 Query	SELECT DISTINCT            k.CONSTRAINT_NAME,
            k.COLUMN_NAME,
            k.REFERENCED_TABLE_NAME,
            k.REFERENCED_COLUMN_NAME,
            k.ORDINAL_POSITION /*!50116,
            c.UPDATE_RULE,
            c.DELETE_RULE */
FROM information_schema.key_column_usage k /*!50116
INNER JOIN information_schema.referential_constraints c
ON c.CONSTRAINT_NAME = k.CONSTRAINT_NAME
AND c.TABLE_NAME = k.TABLE_NAME */ WHERE k.TABLE_SCHEMA = 'database' AND k.TABLE_NAME = 'bd_transaction_doctrine_migration_versions' AND k.REFERENCED_COLUMN_NAME IS NOT NULL /*!50116 AND c.CONSTRAINT_SCHEMA = 'database' */ ORDER BY k.ORDINAL_POSITION
2024-06-05T03:17:51.932952Z	    8 Query	SELECT       c.COLUMN_NAME        AS field,
       c.COLUMN_TYPE       AS type,
       c.IS_NULLABLE        AS `null`,
       c.COLUMN_KEY         AS `key`,
       c.COLUMN_DEFAULT     AS `default`,
       c.EXTRA,
       c.COLUMN_COMMENT     AS comment,
       c.CHARACTER_SET_NAME AS characterset,
       c.COLLATION_NAME     AS collation
FROM information_schema.COLUMNS c
    INNER JOIN information_schema.TABLES t
        ON t.TABLE_NAME = c.TABLE_NAME
     WHERE c.TABLE_SCHEMA = 'database' AND t.TABLE_SCHEMA = 'database' AND t.TABLE_TYPE = 'BASE TABLE' AND t.TABLE_NAME = 'bd_transaction_doctrine_migration_versions' ORDER BY ORDINAL_POSITION
2024-06-05T03:17:51.935319Z	    8 Query	SELECT DATABASE()
2024-06-05T03:17:51.935520Z	    8 Query	SELECT        NON_UNIQUE  AS Non_Unique,
        INDEX_NAME  AS Key_name,
        COLUMN_NAME AS Column_Name,
        SUB_PART    AS Sub_Part,
        INDEX_TYPE  AS Index_Type
FROM information_schema.STATISTICS WHERE TABLE_SCHEMA = 'database' AND TABLE_NAME = 'bd_transaction_doctrine_migration_versions' ORDER BY SEQ_IN_INDEX
2024-06-05T03:17:51.939176Z	    8 Query	SELECT * FROM bd_transaction_doctrine_migration_versions
2024-06-05T03:17:51.945853Z	    8 Query	SELECT * FROM bd_transaction_doctrine_migration_versions
2024-06-05T03:17:51.946211Z	    8 Query	SELECT * FROM bd_transaction_doctrine_migration_versions
2024-06-05T03:17:51.946676Z	    8 Query	SELECT * FROM bd_transaction_doctrine_migration_versions
2024-06-05T03:17:51.950720Z	    8 Quit	
